<?xml version="1.0" encoding="UTF-8"?>
<!-- Generated by org.testng.reporters.JUnitXMLReporter -->
<testsuite ignored="0" hostname="DESKTOP-1D68AP5" failures="0" tests="4" name="Default test" time="8.584" errors="0" timestamp="2026-03-30T15:34:32 IST">
  <testcase classname="api.testcases.ding.user.USMS.USMSPayment" name="GetSessionForUSMSPayment" time="1.645"/>
  <testcase classname="api.testcases.ding.user.USMS.USMSPayment" name="GetUSMSPaymentNewCard" time="2.664"/>
  <testcase classname="api.testcases.ding.user.USMS.USMSPayment" name="GetUSMSPaymentExitCard" time="2.414"/>
  <testcase classname="api.testcases.ding.user.USMS.USMSPayment" name="GetUSMSPaymentWallet" time="1.716"/>
</testsuite> <!-- Default test -->
