<?xml version="1.0" encoding="UTF-8"?>
<!-- Generated by org.testng.reporters.JUnitXMLReporter -->
<testsuite ignored="12" hostname="DESKTOP-1D68AP5" failures="0" tests="24" name="All Tests" time="54.233" errors="0" timestamp="2026-03-30T13:47:05 IST">
  <testcase classname="api.testcases.ding.user.MerchantDiscovery.MerchantDiscovery" name="GetMerchantDetail" time="0.935"/>
  <testcase classname="api.testcases.ding.user.MerchantDiscovery.MerchantDiscovery" name="MerchantDashboard" time="1.003"/>
  <testcase classname="api.testcases.ding.user.MerchantDiscovery.MerchantDiscovery" name="DashboardMerchant" time="0.912"/>
  <testcase classname="api.testcases.ding.user.MerchantDiscovery.MerchantDiscovery" name="GetAllFavourites" time="0.87"/>
  <testcase classname="api.testcases.ding.user.USMS.USMS" name="GetUSMSDashbaord" time="1.051"/>
  <testcase classname="api.testcases.ding.user.USMS.USMS" name="GetMeterDetails" time="1.0"/>
  <testcase classname="api.testcases.ding.user.USMS.USMS" name="GetMeterHistory" time="0.885"/>
  <testcase classname="api.testcases.ding.user.MerchantDiscovery.MerchantDiscoveryCategories" name="GetAllCategories" time="0.963"/>
  <testcase classname="api.testcases.ding.user.MerchantDiscovery.MerchantDiscoveryCategories" name="GetSingleID" time="0.827"/>
  <testcase classname="api.testcases.ding.user.MerchantDiscovery.MerchantDiscoveryCategories" name="GetAllCategoriesBaseLImitOffset" time="0.862"/>
  <testcase classname="api.testcases.ding.user.MerchantDiscovery.MerchantDiscoveryCategories" name="GetCategorieswithSortByOrderLimitOffset" time="0.834"/>
  <testcase classname="api.testcases.ding.user.USMS.USMSPayment" name="GetSessionForUSMSPayment" time="2.629"/>
  <testcase classname="api.testcases.ding.user.USMS.USMSPayment" name="GetUSMSPaymentNewCard" time="2.769"/>
  <testcase classname="api.testcases.ding.user.USMS.USMSPayment" name="GetUSMSPaymentExitCard" time="2.34"/>
  <testcase classname="api.testcases.ding.user.USMS.USMSPayment" name="GetUSMSPaymentWallet" time="1.646"/>
  <testcase classname="api.testcases.ding.user.MerchantDiscovery.MerchantDiscoveryMarkRemoveGetFavMerchant" name="GetAllFavorites" time="0.962"/>
  <testcase classname="api.testcases.ding.user.MerchantDiscovery.MerchantDiscoveryMarkRemoveGetFavMerchant" name="RemoveFavorites" time="0.861"/>
  <testcase classname="api.testcases.ding.user.MerchantDiscovery.MerchantDiscoveryMarkRemoveGetFavMerchant" name="SetFavorites" time="0.841"/>
  <testcase classname="api.testcases.ding.user.USMS.USMSUserMeter" name="GetUSMSUserMeter" time="0.972"/>
  <testcase classname="api.testcases.ding.user.USMS.USMSUserMeter" name="DeleteMeter" time="0.896"/>
  <testcase classname="api.testcases.ding.user.USMS.USMSUserMeter" name="USMSMeterCreate" time="0.844"/>
  <testcase classname="api.testcases.ding.user.USMS.USMSUserMeter" name="USMSMeterUpdate" time="0.848"/>
  <testcase classname="api.testcases.ding.user.MerchantDiscovery.MerchantDiscoverySearchFilter" name="MerchantSearch" time="0.886"/>
  <testcase classname="api.testcases.ding.user.MerchantDiscovery.MerchantDiscoverySearchFilter" name="GetNewJoiner" time="0.813"/>
  <testcase classname="api.Base.BaseTest" name="@AfterSuite tearDownReport" time="0.0">
    <ignored/>
  </testcase> <!-- @AfterSuite tearDownReport -->
  <testcase classname="api.Base.BaseTest" name="@AfterSuite tearDownReport" time="0.0">
    <ignored/>
  </testcase> <!-- @AfterSuite tearDownReport -->
  <testcase classname="api.Base.BaseTest" name="@BeforeSuite setupReport" time="0.0">
    <ignored/>
  </testcase> <!-- @BeforeSuite setupReport -->
  <testcase classname="api.Base.BaseTest" name="@BeforeSuite setupReport" time="0.0">
    <ignored/>
  </testcase> <!-- @BeforeSuite setupReport -->
  <testcase classname="api.Base.BaseTest" name="@BeforeSuite setupReport" time="0.0">
    <ignored/>
  </testcase> <!-- @BeforeSuite setupReport -->
  <testcase classname="api.Base.BaseTest" name="@BeforeSuite setupReport" time="0.0">
    <ignored/>
  </testcase> <!-- @BeforeSuite setupReport -->
  <testcase classname="api.Base.BaseTest" name="@AfterSuite tearDownReport" time="0.0">
    <ignored/>
  </testcase> <!-- @AfterSuite tearDownReport -->
  <testcase classname="api.Base.BaseTest" name="@AfterSuite tearDownReport" time="0.0">
    <ignored/>
  </testcase> <!-- @AfterSuite tearDownReport -->
  <testcase classname="api.Base.BaseTest" name="@AfterSuite tearDownReport" time="0.0">
    <ignored/>
  </testcase> <!-- @AfterSuite tearDownReport -->
  <testcase classname="api.Base.BaseTest" name="@BeforeSuite setupReport" time="0.0">
    <ignored/>
  </testcase> <!-- @BeforeSuite setupReport -->
  <testcase classname="api.Base.BaseTest" name="@AfterSuite tearDownReport" time="0.0">
    <ignored/>
  </testcase> <!-- @AfterSuite tearDownReport -->
  <testcase classname="api.Base.BaseTest" name="@BeforeSuite setupReport" time="0.0">
    <ignored/>
  </testcase> <!-- @BeforeSuite setupReport -->
</testsuite> <!-- All Tests -->
