<?xml version="1.0" encoding="UTF-8"?>
<!-- Generated by org.testng.reporters.JUnitXMLReporter -->
<testsuite ignored="2" hostname="DESKTOP-1D68AP5" failures="0" tests="7" name="All Tests" time="18.786" errors="0" timestamp="2026-03-26T23:32:56 IST">
  <testcase classname="api.testcases.ding.user.USMS" name="GetUSMSDashbaord" time="0.648"/>
  <testcase classname="api.testcases.ding.user.USMS" name="GetMeterDetails" time="0.513"/>
  <testcase classname="api.testcases.ding.user.USMS" name="GetMeterHistory" time="0.339"/>
  <testcase classname="api.testcases.ding.user.USMSPayment" name="GetSessionForUSMSPayment" time="2.099"/>
  <testcase classname="api.testcases.ding.user.USMSPayment" name="GetUSMSPaymentNewCard" time="2.382"/>
  <testcase classname="api.testcases.ding.user.USMSPayment" name="GetUSMSPaymentExitCard" time="1.998"/>
  <testcase classname="api.testcases.ding.user.USMSPayment" name="GetUSMSPaymentWallet" time="1.22"/>
  <testcase classname="api.Base.BaseTest" name="@AfterSuite tearDownReport" time="0.0">
    <ignored/>
  </testcase> <!-- @AfterSuite tearDownReport -->
  <testcase classname="api.Base.BaseTest" name="@BeforeSuite setupReport" time="0.0">
    <ignored/>
  </testcase> <!-- @BeforeSuite setupReport -->
</testsuite> <!-- All Tests -->
