<?xml version="1.0" encoding="UTF-8"?>
<testng-results ignored="0" total="24" passed="23" failed="1" skipped="0">
  <reporter-output>
  </reporter-output>
  <suite started-at="2026-03-31T11:23:50 IST" name="Full Regression Suite" finished-at="2026-03-31T11:24:06 IST" duration-ms="15756">
    <groups>
    </groups>
    <test started-at="2026-03-31T11:23:50 IST" name="All Tests" finished-at="2026-03-31T11:24:06 IST" duration-ms="15756">
      <class name="api.testcases.ding.user.MerchantDiscovery.MerchantDiscoveryMarkRemoveGetFavMerchant">
        <test-method is-config="true" signature="setupBaseURLAndLogin()[pri:0, instance:api.testcases.ding.user.MerchantDiscovery.MerchantDiscoveryMarkRemoveGetFavMerchant@d35dea7]" started-at="2026-03-31T11:24:03 IST" name="setupBaseURLAndLogin" finished-at="2026-03-31T11:24:03 IST" duration-ms="0" status="PASS">
          <reporter-output>
          </reporter-output>
        </test-method> <!-- setupBaseURLAndLogin -->
        <test-method is-config="true" signature="createTest(java.lang.reflect.Method)[pri:0, instance:api.testcases.ding.user.MerchantDiscovery.MerchantDiscoveryMarkRemoveGetFavMerchant@d35dea7]" started-at="2026-03-31T11:24:03 IST" name="createTest" finished-at="2026-03-31T11:24:03 IST" duration-ms="3" status="PASS">
          <params>
            <param index="0">
              <value>
                <![CDATA[public void api.testcases.ding.user.MerchantDiscovery.MerchantDiscoveryMarkRemoveGetFavMerchant.GetAllFavorites()]]>
              </value>
            </param>
          </params>
          <reporter-output>
          </reporter-output>
        </test-method> <!-- createTest -->
        <test-method signature="GetAllFavorites()[pri:1, instance:api.testcases.ding.user.MerchantDiscovery.MerchantDiscoveryMarkRemoveGetFavMerchant@d35dea7]" started-at="2026-03-31T11:24:03 IST" name="GetAllFavorites" finished-at="2026-03-31T11:24:03 IST" duration-ms="364" status="PASS">
          <reporter-output>
          </reporter-output>
        </test-method> <!-- GetAllFavorites -->
        <test-method is-config="true" signature="getResult(org.testng.ITestResult)[pri:0, instance:api.testcases.ding.user.MerchantDiscovery.MerchantDiscoveryMarkRemoveGetFavMerchant@d35dea7]" started-at="2026-03-31T11:24:03 IST" name="getResult" finished-at="2026-03-31T11:24:03 IST" duration-ms="17" status="PASS">
          <params>
            <param index="0">
              <value>
                <![CDATA[[TestResult name=GetAllFavorites status=SUCCESS method=MerchantDiscoveryMarkRemoveGetFavMerchant.GetAllFavorites()[pri:1, instance:api.testcases.ding.user.MerchantDiscovery.MerchantDiscoveryMarkRemoveGetFavMerchant@d35dea7] output={null}]]]>
              </value>
            </param>
          </params>
          <reporter-output>
          </reporter-output>
        </test-method> <!-- getResult -->
        <test-method is-config="true" signature="createTest(java.lang.reflect.Method)[pri:0, instance:api.testcases.ding.user.MerchantDiscovery.MerchantDiscoveryMarkRemoveGetFavMerchant@d35dea7]" started-at="2026-03-31T11:24:03 IST" name="createTest" finished-at="2026-03-31T11:24:03 IST" duration-ms="2" status="PASS">
          <params>
            <param index="0">
              <value>
                <![CDATA[public void api.testcases.ding.user.MerchantDiscovery.MerchantDiscoveryMarkRemoveGetFavMerchant.RemoveFavorites()]]>
              </value>
            </param>
          </params>
          <reporter-output>
          </reporter-output>
        </test-method> <!-- createTest -->
        <test-method signature="RemoveFavorites()[pri:2, instance:api.testcases.ding.user.MerchantDiscovery.MerchantDiscoveryMarkRemoveGetFavMerchant@d35dea7]" started-at="2026-03-31T11:24:03 IST" name="RemoveFavorites" finished-at="2026-03-31T11:24:04 IST" duration-ms="319" status="PASS">
          <reporter-output>
          </reporter-output>
        </test-method> <!-- RemoveFavorites -->
        <test-method is-config="true" signature="getResult(org.testng.ITestResult)[pri:0, instance:api.testcases.ding.user.MerchantDiscovery.MerchantDiscoveryMarkRemoveGetFavMerchant@d35dea7]" started-at="2026-03-31T11:24:04 IST" name="getResult" finished-at="2026-03-31T11:24:04 IST" duration-ms="1" status="PASS">
          <params>
            <param index="0">
              <value>
                <![CDATA[[TestResult name=RemoveFavorites status=SUCCESS method=MerchantDiscoveryMarkRemoveGetFavMerchant.RemoveFavorites()[pri:2, instance:api.testcases.ding.user.MerchantDiscovery.MerchantDiscoveryMarkRemoveGetFavMerchant@d35dea7] output={null}]]]>
              </value>
            </param>
          </params>
          <reporter-output>
          </reporter-output>
        </test-method> <!-- getResult -->
        <test-method is-config="true" signature="createTest(java.lang.reflect.Method)[pri:0, instance:api.testcases.ding.user.MerchantDiscovery.MerchantDiscoveryMarkRemoveGetFavMerchant@d35dea7]" started-at="2026-03-31T11:24:04 IST" name="createTest" finished-at="2026-03-31T11:24:04 IST" duration-ms="1" status="PASS">
          <params>
            <param index="0">
              <value>
                <![CDATA[public void api.testcases.ding.user.MerchantDiscovery.MerchantDiscoveryMarkRemoveGetFavMerchant.SetFavorites()]]>
              </value>
            </param>
          </params>
          <reporter-output>
          </reporter-output>
        </test-method> <!-- createTest -->
        <test-method signature="SetFavorites()[pri:3, instance:api.testcases.ding.user.MerchantDiscovery.MerchantDiscoveryMarkRemoveGetFavMerchant@d35dea7]" started-at="2026-03-31T11:24:04 IST" name="SetFavorites" finished-at="2026-03-31T11:24:04 IST" duration-ms="320" status="PASS">
          <reporter-output>
          </reporter-output>
        </test-method> <!-- SetFavorites -->
        <test-method is-config="true" signature="getResult(org.testng.ITestResult)[pri:0, instance:api.testcases.ding.user.MerchantDiscovery.MerchantDiscoveryMarkRemoveGetFavMerchant@d35dea7]" started-at="2026-03-31T11:24:04 IST" name="getResult" finished-at="2026-03-31T11:24:04 IST" duration-ms="1" status="PASS">
          <params>
            <param index="0">
              <value>
                <![CDATA[[TestResult name=SetFavorites status=SUCCESS method=MerchantDiscoveryMarkRemoveGetFavMerchant.SetFavorites()[pri:3, instance:api.testcases.ding.user.MerchantDiscovery.MerchantDiscoveryMarkRemoveGetFavMerchant@d35dea7] output={null}]]]>
              </value>
            </param>
          </params>
          <reporter-output>
          </reporter-output>
        </test-method> <!-- getResult -->
      </class> <!-- api.testcases.ding.user.MerchantDiscovery.MerchantDiscoveryMarkRemoveGetFavMerchant -->
      <class name="api.testcases.ding.user.USMS.USMSPayment">
        <test-method is-config="true" signature="setupBaseURLAndLogin()[pri:0, instance:api.testcases.ding.user.USMS.USMSPayment@24313fcc]" started-at="2026-03-31T11:23:58 IST" name="setupBaseURLAndLogin" finished-at="2026-03-31T11:23:58 IST" duration-ms="0" status="PASS">
          <reporter-output>
          </reporter-output>
        </test-method> <!-- setupBaseURLAndLogin -->
        <test-method signature="GetSessionForUSMSPayment()[pri:1, instance:api.testcases.ding.user.USMS.USMSPayment@24313fcc]" started-at="2026-03-31T11:23:58 IST" name="GetSessionForUSMSPayment" finished-at="2026-03-31T11:24:00 IST" duration-ms="2000" status="PASS">
          <reporter-output>
          </reporter-output>
        </test-method> <!-- GetSessionForUSMSPayment -->
        <test-method is-config="true" signature="createTest(java.lang.reflect.Method)[pri:0, instance:api.testcases.ding.user.USMS.USMSPayment@24313fcc]" started-at="2026-03-31T11:23:58 IST" name="createTest" finished-at="2026-03-31T11:23:58 IST" duration-ms="0" status="PASS">
          <params>
            <param index="0">
              <value>
                <![CDATA[public void api.testcases.ding.user.USMS.USMSPayment.GetSessionForUSMSPayment()]]>
              </value>
            </param>
          </params>
          <reporter-output>
          </reporter-output>
        </test-method> <!-- createTest -->
        <test-method is-config="true" signature="getResult(org.testng.ITestResult)[pri:0, instance:api.testcases.ding.user.USMS.USMSPayment@24313fcc]" started-at="2026-03-31T11:24:00 IST" name="getResult" finished-at="2026-03-31T11:24:00 IST" duration-ms="0" status="PASS">
          <params>
            <param index="0">
              <value>
                <![CDATA[[TestResult name=GetSessionForUSMSPayment status=SUCCESS method=USMSPayment.GetSessionForUSMSPayment()[pri:1, instance:api.testcases.ding.user.USMS.USMSPayment@24313fcc] output={null}]]]>
              </value>
            </param>
          </params>
          <reporter-output>
          </reporter-output>
        </test-method> <!-- getResult -->
        <test-method signature="GetUSMSPaymentNewCard()[pri:2, instance:api.testcases.ding.user.USMS.USMSPayment@24313fcc]" started-at="2026-03-31T11:24:00 IST" name="GetUSMSPaymentNewCard" finished-at="2026-03-31T11:24:01 IST" duration-ms="1376" status="FAIL">
          <exception class="java.lang.AssertionError">
            <message>
              <![CDATA[expected [200] but found [400]]]>
            </message>
            <full-stacktrace>
              <![CDATA[java.lang.AssertionError: expected [200] but found [400]
at org.testng.Assert.fail(Assert.java:111)
at org.testng.Assert.failNotEquals(Assert.java:1590)
at org.testng.Assert.assertEqualsImpl(Assert.java:150)
at org.testng.Assert.assertEquals(Assert.java:132)
at org.testng.Assert.assertEquals(Assert.java:1431)
at org.testng.Assert.assertEquals(Assert.java:1395)
at org.testng.Assert.assertEquals(Assert.java:1441)
at api.testcases.ding.user.USMS.USMSPayment.GetUSMSPaymentNewCard(USMSPayment.java:81)
at java.base/jdk.internal.reflect.NativeMethodAccessorImpl.invoke0(Native Method)
at java.base/jdk.internal.reflect.NativeMethodAccessorImpl.invoke(NativeMethodAccessorImpl.java:77)
at java.base/jdk.internal.reflect.DelegatingMethodAccessorImpl.invoke(DelegatingMethodAccessorImpl.java:43)
at java.base/java.lang.reflect.Method.invoke(Method.java:568)
at org.testng.internal.invokers.MethodInvocationHelper.invokeMethod(MethodInvocationHelper.java:141)
at org.testng.internal.invokers.TestInvoker.invokeMethod(TestInvoker.java:687)
at org.testng.internal.invokers.TestInvoker.invokeTestMethod(TestInvoker.java:230)
at org.testng.internal.invokers.MethodRunner.runInSequence(MethodRunner.java:63)
at org.testng.internal.invokers.TestInvoker$MethodInvocationAgent.invoke(TestInvoker.java:995)
at org.testng.internal.invokers.TestInvoker.invokeTestMethods(TestInvoker.java:203)
at org.testng.internal.invokers.TestMethodWorker.invokeTestMethods(TestMethodWorker.java:154)
at org.testng.internal.invokers.TestMethodWorker.run(TestMethodWorker.java:134)
at java.base/java.util.ArrayList.forEach(ArrayList.java:1511)
at org.testng.TestRunner.privateRun(TestRunner.java:741)
at org.testng.TestRunner.run(TestRunner.java:616)
at org.testng.SuiteRunner.runTest(SuiteRunner.java:421)
at org.testng.SuiteRunner.runSequentially(SuiteRunner.java:413)
at org.testng.SuiteRunner.privateRun(SuiteRunner.java:373)
at org.testng.SuiteRunner.run(SuiteRunner.java:312)
at org.testng.SuiteRunnerWorker.runSuite(SuiteRunnerWorker.java:52)
at org.testng.SuiteRunnerWorker.run(SuiteRunnerWorker.java:95)
at org.testng.TestNG.runSuitesSequentially(TestNG.java:1274)
at org.testng.TestNG.runSuitesLocally(TestNG.java:1208)
at org.testng.TestNG.runSuites(TestNG.java:1112)
at org.testng.TestNG.run(TestNG.java:1079)
at org.testng.remote.AbstractRemoteTestNG.run(AbstractRemoteTestNG.java:115)
at org.testng.remote.RemoteTestNG.initAndRun(RemoteTestNG.java:293)
at org.testng.remote.RemoteTestNG.main(RemoteTestNG.java:91)
]]>
            </full-stacktrace>
          </exception> <!-- java.lang.AssertionError -->
          <reporter-output>
          </reporter-output>
        </test-method> <!-- GetUSMSPaymentNewCard -->
        <test-method is-config="true" signature="createTest(java.lang.reflect.Method)[pri:0, instance:api.testcases.ding.user.USMS.USMSPayment@24313fcc]" started-at="2026-03-31T11:24:00 IST" name="createTest" finished-at="2026-03-31T11:24:00 IST" duration-ms="0" status="PASS">
          <params>
            <param index="0">
              <value>
                <![CDATA[public void api.testcases.ding.user.USMS.USMSPayment.GetUSMSPaymentNewCard()]]>
              </value>
            </param>
          </params>
          <reporter-output>
          </reporter-output>
        </test-method> <!-- createTest -->
        <test-method is-config="true" signature="getResult(org.testng.ITestResult)[pri:0, instance:api.testcases.ding.user.USMS.USMSPayment@24313fcc]" started-at="2026-03-31T11:24:01 IST" name="getResult" finished-at="2026-03-31T11:24:01 IST" duration-ms="6" status="PASS">
          <params>
            <param index="0">
              <value>
                <![CDATA[[TestResult name=GetUSMSPaymentNewCard status=FAILURE method=USMSPayment.GetUSMSPaymentNewCard()[pri:2, instance:api.testcases.ding.user.USMS.USMSPayment@24313fcc] output={null}]]]>
              </value>
            </param>
          </params>
          <reporter-output>
          </reporter-output>
        </test-method> <!-- getResult -->
        <test-method signature="GetUSMSPaymentExitCard()[pri:3, instance:api.testcases.ding.user.USMS.USMSPayment@24313fcc]" started-at="2026-03-31T11:24:01 IST" name="GetUSMSPaymentExitCard" finished-at="2026-03-31T11:24:02 IST" duration-ms="1380" status="PASS">
          <reporter-output>
          </reporter-output>
        </test-method> <!-- GetUSMSPaymentExitCard -->
        <test-method is-config="true" signature="createTest(java.lang.reflect.Method)[pri:0, instance:api.testcases.ding.user.USMS.USMSPayment@24313fcc]" started-at="2026-03-31T11:24:01 IST" name="createTest" finished-at="2026-03-31T11:24:01 IST" duration-ms="0" status="PASS">
          <params>
            <param index="0">
              <value>
                <![CDATA[public void api.testcases.ding.user.USMS.USMSPayment.GetUSMSPaymentExitCard()]]>
              </value>
            </param>
          </params>
          <reporter-output>
          </reporter-output>
        </test-method> <!-- createTest -->
        <test-method is-config="true" signature="getResult(org.testng.ITestResult)[pri:0, instance:api.testcases.ding.user.USMS.USMSPayment@24313fcc]" started-at="2026-03-31T11:24:02 IST" name="getResult" finished-at="2026-03-31T11:24:02 IST" duration-ms="1" status="PASS">
          <params>
            <param index="0">
              <value>
                <![CDATA[[TestResult name=GetUSMSPaymentExitCard status=SUCCESS method=USMSPayment.GetUSMSPaymentExitCard()[pri:3, instance:api.testcases.ding.user.USMS.USMSPayment@24313fcc] output={null}]]]>
              </value>
            </param>
          </params>
          <reporter-output>
          </reporter-output>
        </test-method> <!-- getResult -->
        <test-method signature="GetUSMSPaymentWallet()[pri:4, instance:api.testcases.ding.user.USMS.USMSPayment@24313fcc]" started-at="2026-03-31T11:24:02 IST" name="GetUSMSPaymentWallet" finished-at="2026-03-31T11:24:03 IST" duration-ms="627" status="PASS">
          <reporter-output>
          </reporter-output>
        </test-method> <!-- GetUSMSPaymentWallet -->
        <test-method is-config="true" signature="createTest(java.lang.reflect.Method)[pri:0, instance:api.testcases.ding.user.USMS.USMSPayment@24313fcc]" started-at="2026-03-31T11:24:02 IST" name="createTest" finished-at="2026-03-31T11:24:02 IST" duration-ms="0" status="PASS">
          <params>
            <param index="0">
              <value>
                <![CDATA[public void api.testcases.ding.user.USMS.USMSPayment.GetUSMSPaymentWallet()]]>
              </value>
            </param>
          </params>
          <reporter-output>
          </reporter-output>
        </test-method> <!-- createTest -->
        <test-method is-config="true" signature="getResult(org.testng.ITestResult)[pri:0, instance:api.testcases.ding.user.USMS.USMSPayment@24313fcc]" started-at="2026-03-31T11:24:03 IST" name="getResult" finished-at="2026-03-31T11:24:03 IST" duration-ms="0" status="PASS">
          <params>
            <param index="0">
              <value>
                <![CDATA[[TestResult name=GetUSMSPaymentWallet status=SUCCESS method=USMSPayment.GetUSMSPaymentWallet()[pri:4, instance:api.testcases.ding.user.USMS.USMSPayment@24313fcc] output={null}]]]>
              </value>
            </param>
          </params>
          <reporter-output>
          </reporter-output>
        </test-method> <!-- getResult -->
      </class> <!-- api.testcases.ding.user.USMS.USMSPayment -->
      <class name="api.testcases.ding.user.USMS.USMS">
        <test-method is-config="true" signature="setupBaseURLAndLogin()[pri:0, instance:api.testcases.ding.user.USMS.USMS@5e5d171f]" started-at="2026-03-31T11:23:55 IST" name="setupBaseURLAndLogin" finished-at="2026-03-31T11:23:55 IST" duration-ms="1" status="PASS">
          <reporter-output>
          </reporter-output>
        </test-method> <!-- setupBaseURLAndLogin -->
        <test-method is-config="true" signature="createTest(java.lang.reflect.Method)[pri:0, instance:api.testcases.ding.user.USMS.USMS@5e5d171f]" started-at="2026-03-31T11:23:55 IST" name="createTest" finished-at="2026-03-31T11:23:55 IST" duration-ms="1" status="PASS">
          <params>
            <param index="0">
              <value>
                <![CDATA[public void api.testcases.ding.user.USMS.USMS.GetUSMSDashbaord()]]>
              </value>
            </param>
          </params>
          <reporter-output>
          </reporter-output>
        </test-method> <!-- createTest -->
        <test-method signature="GetUSMSDashbaord()[pri:1, instance:api.testcases.ding.user.USMS.USMS@5e5d171f]" started-at="2026-03-31T11:23:55 IST" name="GetUSMSDashbaord" finished-at="2026-03-31T11:23:55 IST" duration-ms="564" status="PASS">
          <reporter-output>
          </reporter-output>
        </test-method> <!-- GetUSMSDashbaord -->
        <test-method is-config="true" signature="getResult(org.testng.ITestResult)[pri:0, instance:api.testcases.ding.user.USMS.USMS@5e5d171f]" started-at="2026-03-31T11:23:55 IST" name="getResult" finished-at="2026-03-31T11:23:55 IST" duration-ms="0" status="PASS">
          <params>
            <param index="0">
              <value>
                <![CDATA[[TestResult name=GetUSMSDashbaord status=SUCCESS method=USMS.GetUSMSDashbaord()[pri:1, instance:api.testcases.ding.user.USMS.USMS@5e5d171f] output={null}]]]>
              </value>
            </param>
          </params>
          <reporter-output>
          </reporter-output>
        </test-method> <!-- getResult -->
        <test-method is-config="true" signature="createTest(java.lang.reflect.Method)[pri:0, instance:api.testcases.ding.user.USMS.USMS@5e5d171f]" started-at="2026-03-31T11:23:55 IST" name="createTest" finished-at="2026-03-31T11:23:55 IST" duration-ms="1" status="PASS">
          <params>
            <param index="0">
              <value>
                <![CDATA[public void api.testcases.ding.user.USMS.USMS.GetMeterDetails()]]>
              </value>
            </param>
          </params>
          <reporter-output>
          </reporter-output>
        </test-method> <!-- createTest -->
        <test-method signature="GetMeterDetails()[pri:2, instance:api.testcases.ding.user.USMS.USMS@5e5d171f]" started-at="2026-03-31T11:23:55 IST" name="GetMeterDetails" finished-at="2026-03-31T11:23:56 IST" duration-ms="448" status="PASS">
          <reporter-output>
          </reporter-output>
        </test-method> <!-- GetMeterDetails -->
        <test-method is-config="true" signature="getResult(org.testng.ITestResult)[pri:0, instance:api.testcases.ding.user.USMS.USMS@5e5d171f]" started-at="2026-03-31T11:23:56 IST" name="getResult" finished-at="2026-03-31T11:23:56 IST" duration-ms="1" status="PASS">
          <params>
            <param index="0">
              <value>
                <![CDATA[[TestResult name=GetMeterDetails status=SUCCESS method=USMS.GetMeterDetails()[pri:2, instance:api.testcases.ding.user.USMS.USMS@5e5d171f] output={null}]]]>
              </value>
            </param>
          </params>
          <reporter-output>
          </reporter-output>
        </test-method> <!-- getResult -->
        <test-method signature="GetMeterHistory()[pri:3, instance:api.testcases.ding.user.USMS.USMS@5e5d171f]" started-at="2026-03-31T11:23:56 IST" name="GetMeterHistory" finished-at="2026-03-31T11:23:56 IST" duration-ms="338" status="PASS">
          <reporter-output>
          </reporter-output>
        </test-method> <!-- GetMeterHistory -->
        <test-method is-config="true" signature="createTest(java.lang.reflect.Method)[pri:0, instance:api.testcases.ding.user.USMS.USMS@5e5d171f]" started-at="2026-03-31T11:23:56 IST" name="createTest" finished-at="2026-03-31T11:23:56 IST" duration-ms="0" status="PASS">
          <params>
            <param index="0">
              <value>
                <![CDATA[public void api.testcases.ding.user.USMS.USMS.GetMeterHistory()]]>
              </value>
            </param>
          </params>
          <reporter-output>
          </reporter-output>
        </test-method> <!-- createTest -->
        <test-method is-config="true" signature="getResult(org.testng.ITestResult)[pri:0, instance:api.testcases.ding.user.USMS.USMS@5e5d171f]" started-at="2026-03-31T11:23:56 IST" name="getResult" finished-at="2026-03-31T11:23:56 IST" duration-ms="0" status="PASS">
          <params>
            <param index="0">
              <value>
                <![CDATA[[TestResult name=GetMeterHistory status=SUCCESS method=USMS.GetMeterHistory()[pri:3, instance:api.testcases.ding.user.USMS.USMS@5e5d171f] output={null}]]]>
              </value>
            </param>
          </params>
          <reporter-output>
          </reporter-output>
        </test-method> <!-- getResult -->
      </class> <!-- api.testcases.ding.user.USMS.USMS -->
      <class name="api.testcases.ding.user.MerchantDiscovery.MerchantDiscovery">
        <test-method is-config="true" signature="setupReport()[pri:0, instance:api.testcases.ding.user.MerchantDiscovery.MerchantDiscovery@2362f559]" started-at="2026-03-31T11:23:34 IST" name="setupReport" finished-at="2026-03-31T11:23:50 IST" duration-ms="16122" status="PASS">
          <reporter-output>
          </reporter-output>
        </test-method> <!-- setupReport -->
        <test-method is-config="true" signature="setupBaseURLAndLogin()[pri:0, instance:api.testcases.ding.user.MerchantDiscovery.MerchantDiscovery@2362f559]" started-at="2026-03-31T11:23:51 IST" name="setupBaseURLAndLogin" finished-at="2026-03-31T11:23:51 IST" duration-ms="2" status="PASS">
          <reporter-output>
          </reporter-output>
        </test-method> <!-- setupBaseURLAndLogin -->
        <test-method is-config="true" signature="createTest(java.lang.reflect.Method)[pri:0, instance:api.testcases.ding.user.MerchantDiscovery.MerchantDiscovery@2362f559]" started-at="2026-03-31T11:23:51 IST" name="createTest" finished-at="2026-03-31T11:23:51 IST" duration-ms="52" status="PASS">
          <params>
            <param index="0">
              <value>
                <![CDATA[public void api.testcases.ding.user.MerchantDiscovery.MerchantDiscovery.GetMerchantDetail()]]>
              </value>
            </param>
          </params>
          <reporter-output>
          </reporter-output>
        </test-method> <!-- createTest -->
        <test-method signature="GetMerchantDetail()[pri:1, instance:api.testcases.ding.user.MerchantDiscovery.MerchantDiscovery@2362f559]" started-at="2026-03-31T11:23:51 IST" name="GetMerchantDetail" finished-at="2026-03-31T11:23:53 IST" duration-ms="1832" status="PASS">
          <reporter-output>
          </reporter-output>
        </test-method> <!-- GetMerchantDetail -->
        <test-method is-config="true" signature="getResult(org.testng.ITestResult)[pri:0, instance:api.testcases.ding.user.MerchantDiscovery.MerchantDiscovery@2362f559]" started-at="2026-03-31T11:23:53 IST" name="getResult" finished-at="2026-03-31T11:23:53 IST" duration-ms="3" status="PASS">
          <params>
            <param index="0">
              <value>
                <![CDATA[[TestResult name=GetMerchantDetail status=SUCCESS method=MerchantDiscovery.GetMerchantDetail()[pri:1, instance:api.testcases.ding.user.MerchantDiscovery.MerchantDiscovery@2362f559] output={null}]]]>
              </value>
            </param>
          </params>
          <reporter-output>
          </reporter-output>
        </test-method> <!-- getResult -->
        <test-method is-config="true" signature="createTest(java.lang.reflect.Method)[pri:0, instance:api.testcases.ding.user.MerchantDiscovery.MerchantDiscovery@2362f559]" started-at="2026-03-31T11:23:53 IST" name="createTest" finished-at="2026-03-31T11:23:53 IST" duration-ms="2" status="PASS">
          <params>
            <param index="0">
              <value>
                <![CDATA[public void api.testcases.ding.user.MerchantDiscovery.MerchantDiscovery.MerchantDashboard()]]>
              </value>
            </param>
          </params>
          <reporter-output>
          </reporter-output>
        </test-method> <!-- createTest -->
        <test-method signature="MerchantDashboard()[pri:2, instance:api.testcases.ding.user.MerchantDiscovery.MerchantDiscovery@2362f559]" started-at="2026-03-31T11:23:53 IST" name="MerchantDashboard" finished-at="2026-03-31T11:23:54 IST" duration-ms="1125" status="PASS">
          <reporter-output>
          </reporter-output>
        </test-method> <!-- MerchantDashboard -->
        <test-method is-config="true" signature="getResult(org.testng.ITestResult)[pri:0, instance:api.testcases.ding.user.MerchantDiscovery.MerchantDiscovery@2362f559]" started-at="2026-03-31T11:23:54 IST" name="getResult" finished-at="2026-03-31T11:23:54 IST" duration-ms="0" status="PASS">
          <params>
            <param index="0">
              <value>
                <![CDATA[[TestResult name=MerchantDashboard status=SUCCESS method=MerchantDiscovery.MerchantDashboard()[pri:2, instance:api.testcases.ding.user.MerchantDiscovery.MerchantDiscovery@2362f559] output={null}]]]>
              </value>
            </param>
          </params>
          <reporter-output>
          </reporter-output>
        </test-method> <!-- getResult -->
        <test-method is-config="true" signature="createTest(java.lang.reflect.Method)[pri:0, instance:api.testcases.ding.user.MerchantDiscovery.MerchantDiscovery@2362f559]" started-at="2026-03-31T11:23:54 IST" name="createTest" finished-at="2026-03-31T11:23:54 IST" duration-ms="1" status="PASS">
          <params>
            <param index="0">
              <value>
                <![CDATA[public void api.testcases.ding.user.MerchantDiscovery.MerchantDiscovery.DashboardMerchant()]]>
              </value>
            </param>
          </params>
          <reporter-output>
          </reporter-output>
        </test-method> <!-- createTest -->
        <test-method signature="DashboardMerchant()[pri:3, instance:api.testcases.ding.user.MerchantDiscovery.MerchantDiscovery@2362f559]" started-at="2026-03-31T11:23:54 IST" name="DashboardMerchant" finished-at="2026-03-31T11:23:54 IST" duration-ms="481" status="PASS">
          <reporter-output>
          </reporter-output>
        </test-method> <!-- DashboardMerchant -->
        <test-method is-config="true" signature="getResult(org.testng.ITestResult)[pri:0, instance:api.testcases.ding.user.MerchantDiscovery.MerchantDiscovery@2362f559]" started-at="2026-03-31T11:23:54 IST" name="getResult" finished-at="2026-03-31T11:23:54 IST" duration-ms="0" status="PASS">
          <params>
            <param index="0">
              <value>
                <![CDATA[[TestResult name=DashboardMerchant status=SUCCESS method=MerchantDiscovery.DashboardMerchant()[pri:3, instance:api.testcases.ding.user.MerchantDiscovery.MerchantDiscovery@2362f559] output={null}]]]>
              </value>
            </param>
          </params>
          <reporter-output>
          </reporter-output>
        </test-method> <!-- getResult -->
        <test-method is-config="true" signature="createTest(java.lang.reflect.Method)[pri:0, instance:api.testcases.ding.user.MerchantDiscovery.MerchantDiscovery@2362f559]" started-at="2026-03-31T11:23:54 IST" name="createTest" finished-at="2026-03-31T11:23:54 IST" duration-ms="1" status="PASS">
          <params>
            <param index="0">
              <value>
                <![CDATA[public void api.testcases.ding.user.MerchantDiscovery.MerchantDiscovery.GetAllFavourites()]]>
              </value>
            </param>
          </params>
          <reporter-output>
          </reporter-output>
        </test-method> <!-- createTest -->
        <test-method signature="GetAllFavourites()[pri:4, instance:api.testcases.ding.user.MerchantDiscovery.MerchantDiscovery@2362f559]" started-at="2026-03-31T11:23:54 IST" name="GetAllFavourites" finished-at="2026-03-31T11:23:55 IST" duration-ms="437" status="PASS">
          <reporter-output>
          </reporter-output>
        </test-method> <!-- GetAllFavourites -->
        <test-method is-config="true" signature="getResult(org.testng.ITestResult)[pri:0, instance:api.testcases.ding.user.MerchantDiscovery.MerchantDiscovery@2362f559]" started-at="2026-03-31T11:23:55 IST" name="getResult" finished-at="2026-03-31T11:23:55 IST" duration-ms="0" status="PASS">
          <params>
            <param index="0">
              <value>
                <![CDATA[[TestResult name=GetAllFavourites status=SUCCESS method=MerchantDiscovery.GetAllFavourites()[pri:4, instance:api.testcases.ding.user.MerchantDiscovery.MerchantDiscovery@2362f559] output={null}]]]>
              </value>
            </param>
          </params>
          <reporter-output>
          </reporter-output>
        </test-method> <!-- getResult -->
        <test-method is-config="true" signature="tearDownReport()[pri:0, instance:api.testcases.ding.user.MerchantDiscovery.MerchantDiscovery@2362f559]" started-at="2026-03-31T11:24:06 IST" name="tearDownReport" finished-at="2026-03-31T11:24:09 IST" duration-ms="2834" status="PASS">
          <reporter-output>
          </reporter-output>
        </test-method> <!-- tearDownReport -->
      </class> <!-- api.testcases.ding.user.MerchantDiscovery.MerchantDiscovery -->
      <class name="api.testcases.ding.user.USMS.USMSUserMeter">
        <test-method is-config="true" signature="setupBaseURLAndLogin()[pri:0, instance:api.testcases.ding.user.USMS.USMSUserMeter@7d20d0b]" started-at="2026-03-31T11:24:04 IST" name="setupBaseURLAndLogin" finished-at="2026-03-31T11:24:04 IST" duration-ms="1" status="PASS">
          <reporter-output>
          </reporter-output>
        </test-method> <!-- setupBaseURLAndLogin -->
        <test-method is-config="true" signature="createTest(java.lang.reflect.Method)[pri:0, instance:api.testcases.ding.user.USMS.USMSUserMeter@7d20d0b]" started-at="2026-03-31T11:24:04 IST" name="createTest" finished-at="2026-03-31T11:24:04 IST" duration-ms="1" status="PASS">
          <params>
            <param index="0">
              <value>
                <![CDATA[public void api.testcases.ding.user.USMS.USMSUserMeter.GetUSMSUserMeter()]]>
              </value>
            </param>
          </params>
          <reporter-output>
          </reporter-output>
        </test-method> <!-- createTest -->
        <test-method signature="GetUSMSUserMeter()[pri:1, instance:api.testcases.ding.user.USMS.USMSUserMeter@7d20d0b]" started-at="2026-03-31T11:24:04 IST" name="GetUSMSUserMeter" finished-at="2026-03-31T11:24:04 IST" duration-ms="388" status="PASS">
          <reporter-output>
          </reporter-output>
        </test-method> <!-- GetUSMSUserMeter -->
        <test-method is-config="true" signature="getResult(org.testng.ITestResult)[pri:0, instance:api.testcases.ding.user.USMS.USMSUserMeter@7d20d0b]" started-at="2026-03-31T11:24:04 IST" name="getResult" finished-at="2026-03-31T11:24:04 IST" duration-ms="1" status="PASS">
          <params>
            <param index="0">
              <value>
                <![CDATA[[TestResult name=GetUSMSUserMeter status=SUCCESS method=USMSUserMeter.GetUSMSUserMeter()[pri:1, instance:api.testcases.ding.user.USMS.USMSUserMeter@7d20d0b] output={null}]]]>
              </value>
            </param>
          </params>
          <reporter-output>
          </reporter-output>
        </test-method> <!-- getResult -->
        <test-method signature="DeleteMeter()[pri:2, instance:api.testcases.ding.user.USMS.USMSUserMeter@7d20d0b]" started-at="2026-03-31T11:24:04 IST" name="DeleteMeter" finished-at="2026-03-31T11:24:05 IST" duration-ms="391" status="PASS">
          <reporter-output>
          </reporter-output>
        </test-method> <!-- DeleteMeter -->
        <test-method is-config="true" signature="createTest(java.lang.reflect.Method)[pri:0, instance:api.testcases.ding.user.USMS.USMSUserMeter@7d20d0b]" started-at="2026-03-31T11:24:04 IST" name="createTest" finished-at="2026-03-31T11:24:04 IST" duration-ms="0" status="PASS">
          <params>
            <param index="0">
              <value>
                <![CDATA[public void api.testcases.ding.user.USMS.USMSUserMeter.DeleteMeter()]]>
              </value>
            </param>
          </params>
          <reporter-output>
          </reporter-output>
        </test-method> <!-- createTest -->
        <test-method is-config="true" signature="getResult(org.testng.ITestResult)[pri:0, instance:api.testcases.ding.user.USMS.USMSUserMeter@7d20d0b]" started-at="2026-03-31T11:24:05 IST" name="getResult" finished-at="2026-03-31T11:24:05 IST" duration-ms="1" status="PASS">
          <params>
            <param index="0">
              <value>
                <![CDATA[[TestResult name=DeleteMeter status=SUCCESS method=USMSUserMeter.DeleteMeter()[pri:2, instance:api.testcases.ding.user.USMS.USMSUserMeter@7d20d0b] output={null}]]]>
              </value>
            </param>
          </params>
          <reporter-output>
          </reporter-output>
        </test-method> <!-- getResult -->
        <test-method is-config="true" signature="createTest(java.lang.reflect.Method)[pri:0, instance:api.testcases.ding.user.USMS.USMSUserMeter@7d20d0b]" started-at="2026-03-31T11:24:05 IST" name="createTest" finished-at="2026-03-31T11:24:05 IST" duration-ms="5" status="PASS">
          <params>
            <param index="0">
              <value>
                <![CDATA[public void api.testcases.ding.user.USMS.USMSUserMeter.USMSMeterCreate()]]>
              </value>
            </param>
          </params>
          <reporter-output>
          </reporter-output>
        </test-method> <!-- createTest -->
        <test-method signature="USMSMeterCreate()[pri:3, instance:api.testcases.ding.user.USMS.USMSUserMeter@7d20d0b]" started-at="2026-03-31T11:24:05 IST" name="USMSMeterCreate" finished-at="2026-03-31T11:24:05 IST" duration-ms="411" status="PASS">
          <reporter-output>
          </reporter-output>
        </test-method> <!-- USMSMeterCreate -->
        <test-method is-config="true" signature="getResult(org.testng.ITestResult)[pri:0, instance:api.testcases.ding.user.USMS.USMSUserMeter@7d20d0b]" started-at="2026-03-31T11:24:05 IST" name="getResult" finished-at="2026-03-31T11:24:05 IST" duration-ms="0" status="PASS">
          <params>
            <param index="0">
              <value>
                <![CDATA[[TestResult name=USMSMeterCreate status=SUCCESS method=USMSUserMeter.USMSMeterCreate()[pri:3, instance:api.testcases.ding.user.USMS.USMSUserMeter@7d20d0b] output={null}]]]>
              </value>
            </param>
          </params>
          <reporter-output>
          </reporter-output>
        </test-method> <!-- getResult -->
        <test-method is-config="true" signature="createTest(java.lang.reflect.Method)[pri:0, instance:api.testcases.ding.user.USMS.USMSUserMeter@7d20d0b]" started-at="2026-03-31T11:24:05 IST" name="createTest" finished-at="2026-03-31T11:24:05 IST" duration-ms="1" status="PASS">
          <params>
            <param index="0">
              <value>
                <![CDATA[public void api.testcases.ding.user.USMS.USMSUserMeter.USMSMeterUpdate()]]>
              </value>
            </param>
          </params>
          <reporter-output>
          </reporter-output>
        </test-method> <!-- createTest -->
        <test-method signature="USMSMeterUpdate()[pri:4, instance:api.testcases.ding.user.USMS.USMSUserMeter@7d20d0b]" started-at="2026-03-31T11:24:05 IST" name="USMSMeterUpdate" finished-at="2026-03-31T11:24:05 IST" duration-ms="310" status="PASS">
          <reporter-output>
          </reporter-output>
        </test-method> <!-- USMSMeterUpdate -->
        <test-method is-config="true" signature="getResult(org.testng.ITestResult)[pri:0, instance:api.testcases.ding.user.USMS.USMSUserMeter@7d20d0b]" started-at="2026-03-31T11:24:05 IST" name="getResult" finished-at="2026-03-31T11:24:05 IST" duration-ms="1" status="PASS">
          <params>
            <param index="0">
              <value>
                <![CDATA[[TestResult name=USMSMeterUpdate status=SUCCESS method=USMSUserMeter.USMSMeterUpdate()[pri:4, instance:api.testcases.ding.user.USMS.USMSUserMeter@7d20d0b] output={null}]]]>
              </value>
            </param>
          </params>
          <reporter-output>
          </reporter-output>
        </test-method> <!-- getResult -->
      </class> <!-- api.testcases.ding.user.USMS.USMSUserMeter -->
      <class name="api.testcases.ding.user.MerchantDiscovery.MerchantDiscoveryCategories">
        <test-method is-config="true" signature="setupBaseURLAndLogin()[pri:0, instance:api.testcases.ding.user.MerchantDiscovery.MerchantDiscoveryCategories@247bddad]" started-at="2026-03-31T11:23:56 IST" name="setupBaseURLAndLogin" finished-at="2026-03-31T11:23:56 IST" duration-ms="0" status="PASS">
          <reporter-output>
          </reporter-output>
        </test-method> <!-- setupBaseURLAndLogin -->
        <test-method signature="GetAllCategories()[pri:1, instance:api.testcases.ding.user.MerchantDiscovery.MerchantDiscoveryCategories@247bddad]" started-at="2026-03-31T11:23:56 IST" name="GetAllCategories" finished-at="2026-03-31T11:23:57 IST" duration-ms="417" status="PASS">
          <reporter-output>
          </reporter-output>
        </test-method> <!-- GetAllCategories -->
        <test-method is-config="true" signature="createTest(java.lang.reflect.Method)[pri:0, instance:api.testcases.ding.user.MerchantDiscovery.MerchantDiscoveryCategories@247bddad]" started-at="2026-03-31T11:23:56 IST" name="createTest" finished-at="2026-03-31T11:23:56 IST" duration-ms="0" status="PASS">
          <params>
            <param index="0">
              <value>
                <![CDATA[public void api.testcases.ding.user.MerchantDiscovery.MerchantDiscoveryCategories.GetAllCategories()]]>
              </value>
            </param>
          </params>
          <reporter-output>
          </reporter-output>
        </test-method> <!-- createTest -->
        <test-method is-config="true" signature="getResult(org.testng.ITestResult)[pri:0, instance:api.testcases.ding.user.MerchantDiscovery.MerchantDiscoveryCategories@247bddad]" started-at="2026-03-31T11:23:57 IST" name="getResult" finished-at="2026-03-31T11:23:57 IST" duration-ms="1" status="PASS">
          <params>
            <param index="0">
              <value>
                <![CDATA[[TestResult name=GetAllCategories status=SUCCESS method=MerchantDiscoveryCategories.GetAllCategories()[pri:1, instance:api.testcases.ding.user.MerchantDiscovery.MerchantDiscoveryCategories@247bddad] output={null}]]]>
              </value>
            </param>
          </params>
          <reporter-output>
          </reporter-output>
        </test-method> <!-- getResult -->
        <test-method is-config="true" signature="createTest(java.lang.reflect.Method)[pri:0, instance:api.testcases.ding.user.MerchantDiscovery.MerchantDiscoveryCategories@247bddad]" started-at="2026-03-31T11:23:57 IST" name="createTest" finished-at="2026-03-31T11:23:57 IST" duration-ms="5" status="PASS">
          <params>
            <param index="0">
              <value>
                <![CDATA[public void api.testcases.ding.user.MerchantDiscovery.MerchantDiscoveryCategories.GetSingleID()]]>
              </value>
            </param>
          </params>
          <reporter-output>
          </reporter-output>
        </test-method> <!-- createTest -->
        <test-method signature="GetSingleID()[pri:2, instance:api.testcases.ding.user.MerchantDiscovery.MerchantDiscoveryCategories@247bddad]" started-at="2026-03-31T11:23:57 IST" name="GetSingleID" finished-at="2026-03-31T11:23:57 IST" duration-ms="305" status="PASS">
          <reporter-output>
          </reporter-output>
        </test-method> <!-- GetSingleID -->
        <test-method is-config="true" signature="getResult(org.testng.ITestResult)[pri:0, instance:api.testcases.ding.user.MerchantDiscovery.MerchantDiscoveryCategories@247bddad]" started-at="2026-03-31T11:23:57 IST" name="getResult" finished-at="2026-03-31T11:23:57 IST" duration-ms="1" status="PASS">
          <params>
            <param index="0">
              <value>
                <![CDATA[[TestResult name=GetSingleID status=SUCCESS method=MerchantDiscoveryCategories.GetSingleID()[pri:2, instance:api.testcases.ding.user.MerchantDiscovery.MerchantDiscoveryCategories@247bddad] output={null}]]]>
              </value>
            </param>
          </params>
          <reporter-output>
          </reporter-output>
        </test-method> <!-- getResult -->
        <test-method is-config="true" signature="createTest(java.lang.reflect.Method)[pri:0, instance:api.testcases.ding.user.MerchantDiscovery.MerchantDiscoveryCategories@247bddad]" started-at="2026-03-31T11:23:57 IST" name="createTest" finished-at="2026-03-31T11:23:57 IST" duration-ms="1" status="PASS">
          <params>
            <param index="0">
              <value>
                <![CDATA[public void api.testcases.ding.user.MerchantDiscovery.MerchantDiscoveryCategories.GetAllCategoriesBaseLImitOffset()]]>
              </value>
            </param>
          </params>
          <reporter-output>
          </reporter-output>
        </test-method> <!-- createTest -->
        <test-method signature="GetAllCategoriesBaseLImitOffset()[pri:3, instance:api.testcases.ding.user.MerchantDiscovery.MerchantDiscoveryCategories@247bddad]" started-at="2026-03-31T11:23:57 IST" name="GetAllCategoriesBaseLImitOffset" finished-at="2026-03-31T11:23:57 IST" duration-ms="304" status="PASS">
          <reporter-output>
          </reporter-output>
        </test-method> <!-- GetAllCategoriesBaseLImitOffset -->
        <test-method is-config="true" signature="getResult(org.testng.ITestResult)[pri:0, instance:api.testcases.ding.user.MerchantDiscovery.MerchantDiscoveryCategories@247bddad]" started-at="2026-03-31T11:23:57 IST" name="getResult" finished-at="2026-03-31T11:23:57 IST" duration-ms="2" status="PASS">
          <params>
            <param index="0">
              <value>
                <![CDATA[[TestResult name=GetAllCategoriesBaseLImitOffset status=SUCCESS method=MerchantDiscoveryCategories.GetAllCategoriesBaseLImitOffset()[pri:3, instance:api.testcases.ding.user.MerchantDiscovery.MerchantDiscoveryCategories@247bddad] output={null}]]]>
              </value>
            </param>
          </params>
          <reporter-output>
          </reporter-output>
        </test-method> <!-- getResult -->
        <test-method is-config="true" signature="createTest(java.lang.reflect.Method)[pri:0, instance:api.testcases.ding.user.MerchantDiscovery.MerchantDiscoveryCategories@247bddad]" started-at="2026-03-31T11:23:57 IST" name="createTest" finished-at="2026-03-31T11:23:57 IST" duration-ms="1" status="PASS">
          <params>
            <param index="0">
              <value>
                <![CDATA[public void api.testcases.ding.user.MerchantDiscovery.MerchantDiscoveryCategories.GetCategorieswithSortByOrderLimitOffset()]]>
              </value>
            </param>
          </params>
          <reporter-output>
          </reporter-output>
        </test-method> <!-- createTest -->
        <test-method signature="GetCategorieswithSortByOrderLimitOffset()[pri:4, instance:api.testcases.ding.user.MerchantDiscovery.MerchantDiscoveryCategories@247bddad]" started-at="2026-03-31T11:23:57 IST" name="GetCategorieswithSortByOrderLimitOffset" finished-at="2026-03-31T11:23:58 IST" duration-ms="284" status="PASS">
          <reporter-output>
          </reporter-output>
        </test-method> <!-- GetCategorieswithSortByOrderLimitOffset -->
        <test-method is-config="true" signature="getResult(org.testng.ITestResult)[pri:0, instance:api.testcases.ding.user.MerchantDiscovery.MerchantDiscoveryCategories@247bddad]" started-at="2026-03-31T11:23:58 IST" name="getResult" finished-at="2026-03-31T11:23:58 IST" duration-ms="0" status="PASS">
          <params>
            <param index="0">
              <value>
                <![CDATA[[TestResult name=GetCategorieswithSortByOrderLimitOffset status=SUCCESS method=MerchantDiscoveryCategories.GetCategorieswithSortByOrderLimitOffset()[pri:4, instance:api.testcases.ding.user.MerchantDiscovery.MerchantDiscoveryCategories@247bddad] output={null}]]]>
              </value>
            </param>
          </params>
          <reporter-output>
          </reporter-output>
        </test-method> <!-- getResult -->
      </class> <!-- api.testcases.ding.user.MerchantDiscovery.MerchantDiscoveryCategories -->
      <class name="api.testcases.ding.user.MerchantDiscovery.MerchantDiscoverySearchFilter">
        <test-method is-config="true" signature="setupBaseURLAndLogin()[pri:0, instance:api.testcases.ding.user.MerchantDiscovery.MerchantDiscoverySearchFilter@7770f470]" started-at="2026-03-31T11:24:05 IST" name="setupBaseURLAndLogin" finished-at="2026-03-31T11:24:05 IST" duration-ms="1" status="PASS">
          <reporter-output>
          </reporter-output>
        </test-method> <!-- setupBaseURLAndLogin -->
        <test-method signature="MerchantSearch()[pri:1, instance:api.testcases.ding.user.MerchantDiscovery.MerchantDiscoverySearchFilter@7770f470]" started-at="2026-03-31T11:24:05 IST" name="MerchantSearch" finished-at="2026-03-31T11:24:06 IST" duration-ms="326" status="PASS">
          <reporter-output>
          </reporter-output>
        </test-method> <!-- MerchantSearch -->
        <test-method is-config="true" signature="createTest(java.lang.reflect.Method)[pri:0, instance:api.testcases.ding.user.MerchantDiscovery.MerchantDiscoverySearchFilter@7770f470]" started-at="2026-03-31T11:24:05 IST" name="createTest" finished-at="2026-03-31T11:24:05 IST" duration-ms="0" status="PASS">
          <params>
            <param index="0">
              <value>
                <![CDATA[public void api.testcases.ding.user.MerchantDiscovery.MerchantDiscoverySearchFilter.MerchantSearch()]]>
              </value>
            </param>
          </params>
          <reporter-output>
          </reporter-output>
        </test-method> <!-- createTest -->
        <test-method is-config="true" signature="getResult(org.testng.ITestResult)[pri:0, instance:api.testcases.ding.user.MerchantDiscovery.MerchantDiscoverySearchFilter@7770f470]" started-at="2026-03-31T11:24:06 IST" name="getResult" finished-at="2026-03-31T11:24:06 IST" duration-ms="1" status="PASS">
          <params>
            <param index="0">
              <value>
                <![CDATA[[TestResult name=MerchantSearch status=SUCCESS method=MerchantDiscoverySearchFilter.MerchantSearch()[pri:1, instance:api.testcases.ding.user.MerchantDiscovery.MerchantDiscoverySearchFilter@7770f470] output={null}]]]>
              </value>
            </param>
          </params>
          <reporter-output>
          </reporter-output>
        </test-method> <!-- getResult -->
        <test-method is-config="true" signature="createTest(java.lang.reflect.Method)[pri:0, instance:api.testcases.ding.user.MerchantDiscovery.MerchantDiscoverySearchFilter@7770f470]" started-at="2026-03-31T11:24:06 IST" name="createTest" finished-at="2026-03-31T11:24:06 IST" duration-ms="1" status="PASS">
          <params>
            <param index="0">
              <value>
                <![CDATA[public void api.testcases.ding.user.MerchantDiscovery.MerchantDiscoverySearchFilter.GetNewJoiner()]]>
              </value>
            </param>
          </params>
          <reporter-output>
          </reporter-output>
        </test-method> <!-- createTest -->
        <test-method signature="GetNewJoiner()[pri:2, instance:api.testcases.ding.user.MerchantDiscovery.MerchantDiscoverySearchFilter@7770f470]" started-at="2026-03-31T11:24:06 IST" name="GetNewJoiner" finished-at="2026-03-31T11:24:06 IST" duration-ms="308" status="PASS">
          <reporter-output>
          </reporter-output>
        </test-method> <!-- GetNewJoiner -->
        <test-method is-config="true" signature="getResult(org.testng.ITestResult)[pri:0, instance:api.testcases.ding.user.MerchantDiscovery.MerchantDiscoverySearchFilter@7770f470]" started-at="2026-03-31T11:24:06 IST" name="getResult" finished-at="2026-03-31T11:24:06 IST" duration-ms="1" status="PASS">
          <params>
            <param index="0">
              <value>
                <![CDATA[[TestResult name=GetNewJoiner status=SUCCESS method=MerchantDiscoverySearchFilter.GetNewJoiner()[pri:2, instance:api.testcases.ding.user.MerchantDiscovery.MerchantDiscoverySearchFilter@7770f470] output={null}]]]>
              </value>
            </param>
          </params>
          <reporter-output>
          </reporter-output>
        </test-method> <!-- getResult -->
      </class> <!-- api.testcases.ding.user.MerchantDiscovery.MerchantDiscoverySearchFilter -->
    </test> <!-- All Tests -->
  </suite> <!-- Full Regression Suite -->
</testng-results>
