<?xml version="1.0" encoding="UTF-8"?>
<!-- Generated by org.testng.reporters.JUnitXMLReporter -->
<testsuite ignored="12" hostname="DESKTOP-1D68AP5" failures="0" tests="24" name="All Tests" time="44.733" errors="0" timestamp="2026-04-06T15:41:06 IST">
  <testcase classname="api.testcases.ding.user.MerchantDiscovery.MerchantDiscovery" name="GetMerchantDetail" time="0.6"/>
  <testcase classname="api.testcases.ding.user.MerchantDiscovery.MerchantDiscovery" name="MerchantDashboard" time="0.466"/>
  <testcase classname="api.testcases.ding.user.MerchantDiscovery.MerchantDiscovery" name="DashboardMerchant" time="0.408"/>
  <testcase classname="api.testcases.ding.user.MerchantDiscovery.MerchantDiscovery" name="GetAllFavourites" time="0.368"/>
  <testcase classname="api.testcases.ding.user.USMS.USMS" name="GetUSMSDashbaord" time="0.54"/>
  <testcase classname="api.testcases.ding.user.USMS.USMS" name="GetMeterDetails" time="0.474"/>
  <testcase classname="api.testcases.ding.user.USMS.USMS" name="GetMeterHistory" time="0.345"/>
  <testcase classname="api.testcases.ding.user.MerchantDiscovery.MerchantDiscoveryCategories" name="GetAllCategories" time="0.452"/>
  <testcase classname="api.testcases.ding.user.MerchantDiscovery.MerchantDiscoveryCategories" name="GetSingleID" time="0.315"/>
  <testcase classname="api.testcases.ding.user.MerchantDiscovery.MerchantDiscoveryCategories" name="GetAllCategoriesBaseLImitOffset" time="0.27"/>
  <testcase classname="api.testcases.ding.user.MerchantDiscovery.MerchantDiscoveryCategories" name="GetCategorieswithSortByOrderLimitOffset" time="0.307"/>
  <testcase classname="api.testcases.ding.user.USMS.USMSPayment" name="GetSessionForUSMSPayment" time="1.969"/>
  <testcase classname="api.testcases.ding.user.USMS.USMSPayment" name="GetUSMSPaymentNewCard" time="12.08"/>
  <testcase classname="api.testcases.ding.user.USMS.USMSPayment" name="GetUSMSPaymentExitCard" time="11.57"/>
  <testcase classname="api.testcases.ding.user.USMS.USMSPayment" name="GetUSMSPaymentWallet" time="10.868"/>
  <testcase classname="api.testcases.ding.user.MerchantDiscovery.MerchantDiscoveryMarkRemoveGetFavMerchant" name="GetAllFavorites" time="0.422"/>
  <testcase classname="api.testcases.ding.user.MerchantDiscovery.MerchantDiscoveryMarkRemoveGetFavMerchant" name="RemoveFavorites" time="0.336"/>
  <testcase classname="api.testcases.ding.user.MerchantDiscovery.MerchantDiscoveryMarkRemoveGetFavMerchant" name="SetFavorites" time="0.313"/>
  <testcase classname="api.testcases.ding.user.USMS.USMSUserMeter" name="GetUSMSUserMeter" time="0.42"/>
  <testcase classname="api.testcases.ding.user.USMS.USMSUserMeter" name="DeleteMeter" time="0.403"/>
  <testcase classname="api.testcases.ding.user.USMS.USMSUserMeter" name="USMSMeterCreate" time="0.38"/>
  <testcase classname="api.testcases.ding.user.USMS.USMSUserMeter" name="USMSMeterUpdate" time="0.347"/>
  <testcase classname="api.testcases.ding.user.MerchantDiscovery.MerchantDiscoverySearchFilter" name="MerchantSearch" time="0.33"/>
  <testcase classname="api.testcases.ding.user.MerchantDiscovery.MerchantDiscoverySearchFilter" name="GetNewJoiner" time="0.328"/>
  <testcase classname="api.Base.BaseTest" name="@AfterSuite tearDownReport" time="0.0">
    <ignored/>
  </testcase> <!-- @AfterSuite tearDownReport -->
  <testcase classname="api.Base.BaseTest" name="@AfterSuite tearDownReport" time="0.0">
    <ignored/>
  </testcase> <!-- @AfterSuite tearDownReport -->
  <testcase classname="api.Base.BaseTest" name="@BeforeSuite setupReport" time="0.0">
    <ignored/>
  </testcase> <!-- @BeforeSuite setupReport -->
  <testcase classname="api.Base.BaseTest" name="@BeforeSuite setupReport" time="0.0">
    <ignored/>
  </testcase> <!-- @BeforeSuite setupReport -->
  <testcase classname="api.Base.BaseTest" name="@BeforeSuite setupReport" time="0.0">
    <ignored/>
  </testcase> <!-- @BeforeSuite setupReport -->
  <testcase classname="api.Base.BaseTest" name="@BeforeSuite setupReport" time="0.0">
    <ignored/>
  </testcase> <!-- @BeforeSuite setupReport -->
  <testcase classname="api.Base.BaseTest" name="@AfterSuite tearDownReport" time="0.0">
    <ignored/>
  </testcase> <!-- @AfterSuite tearDownReport -->
  <testcase classname="api.Base.BaseTest" name="@AfterSuite tearDownReport" time="0.0">
    <ignored/>
  </testcase> <!-- @AfterSuite tearDownReport -->
  <testcase classname="api.Base.BaseTest" name="@AfterSuite tearDownReport" time="0.0">
    <ignored/>
  </testcase> <!-- @AfterSuite tearDownReport -->
  <testcase classname="api.Base.BaseTest" name="@BeforeSuite setupReport" time="0.0">
    <ignored/>
  </testcase> <!-- @BeforeSuite setupReport -->
  <testcase classname="api.Base.BaseTest" name="@AfterSuite tearDownReport" time="0.0">
    <ignored/>
  </testcase> <!-- @AfterSuite tearDownReport -->
  <testcase classname="api.Base.BaseTest" name="@BeforeSuite setupReport" time="0.0">
    <ignored/>
  </testcase> <!-- @BeforeSuite setupReport -->
</testsuite> <!-- All Tests -->
