<?xml version="1.0" encoding="UTF-8"?>
<!-- Generated by org.testng.reporters.JUnitXMLReporter -->
<testsuite ignored="12" hostname="DESKTOP-1D68AP5" failures="0" tests="24" name="All Tests" time="44.761" errors="0" timestamp="2026-04-07T12:12:20 IST">
  <testcase classname="api.testcases.ding.user.MerchantDiscovery.MerchantDiscovery" name="GetMerchantDetail" time="0.63"/>
  <testcase classname="api.testcases.ding.user.MerchantDiscovery.MerchantDiscovery" name="MerchantDashboard" time="0.453"/>
  <testcase classname="api.testcases.ding.user.MerchantDiscovery.MerchantDiscovery" name="DashboardMerchant" time="0.392"/>
  <testcase classname="api.testcases.ding.user.MerchantDiscovery.MerchantDiscovery" name="GetAllFavourites" time="0.368"/>
  <testcase classname="api.testcases.ding.user.USMS.USMS" name="GetUSMSDashbaord" time="0.47"/>
  <testcase classname="api.testcases.ding.user.USMS.USMS" name="GetMeterDetails" time="0.464"/>
  <testcase classname="api.testcases.ding.user.USMS.USMS" name="GetMeterHistory" time="0.335"/>
  <testcase classname="api.testcases.ding.user.MerchantDiscovery.MerchantDiscoveryCategories" name="GetAllCategories" time="0.421"/>
  <testcase classname="api.testcases.ding.user.MerchantDiscovery.MerchantDiscoveryCategories" name="GetSingleID" time="0.321"/>
  <testcase classname="api.testcases.ding.user.MerchantDiscovery.MerchantDiscoveryCategories" name="GetAllCategoriesBaseLImitOffset" time="0.309"/>
  <testcase classname="api.testcases.ding.user.MerchantDiscovery.MerchantDiscoveryCategories" name="GetCategorieswithSortByOrderLimitOffset" time="0.31"/>
  <testcase classname="api.testcases.ding.user.USMS.USMSPayment" name="GetSessionForUSMSPayment" time="1.916"/>
  <testcase classname="api.testcases.ding.user.USMS.USMSPayment" name="GetUSMSPaymentNewCard" time="12.019"/>
  <testcase classname="api.testcases.ding.user.USMS.USMSPayment" name="GetUSMSPaymentExitCard" time="11.622"/>
  <testcase classname="api.testcases.ding.user.USMS.USMSPayment" name="GetUSMSPaymentWallet" time="11.044"/>
  <testcase classname="api.testcases.ding.user.MerchantDiscovery.MerchantDiscoveryMarkRemoveGetFavMerchant" name="GetAllFavorites" time="0.382"/>
  <testcase classname="api.testcases.ding.user.MerchantDiscovery.MerchantDiscoveryMarkRemoveGetFavMerchant" name="RemoveFavorites" time="0.343"/>
  <testcase classname="api.testcases.ding.user.MerchantDiscovery.MerchantDiscoveryMarkRemoveGetFavMerchant" name="SetFavorites" time="0.316"/>
  <testcase classname="api.testcases.ding.user.USMS.USMSUserMeter" name="GetUSMSUserMeter" time="0.431"/>
  <testcase classname="api.testcases.ding.user.USMS.USMSUserMeter" name="DeleteMeter" time="0.433"/>
  <testcase classname="api.testcases.ding.user.USMS.USMSUserMeter" name="USMSMeterCreate" time="0.352"/>
  <testcase classname="api.testcases.ding.user.USMS.USMSUserMeter" name="USMSMeterUpdate" time="0.325"/>
  <testcase classname="api.testcases.ding.user.MerchantDiscovery.MerchantDiscoverySearchFilter" name="MerchantSearch" time="0.305"/>
  <testcase classname="api.testcases.ding.user.MerchantDiscovery.MerchantDiscoverySearchFilter" name="GetNewJoiner" time="0.311"/>
  <testcase classname="api.Base.BaseTest" name="@AfterSuite tearDownReport" time="0.0">
    <ignored/>
  </testcase> <!-- @AfterSuite tearDownReport -->
  <testcase classname="api.Base.BaseTest" name="@AfterSuite tearDownReport" time="0.0">
    <ignored/>
  </testcase> <!-- @AfterSuite tearDownReport -->
  <testcase classname="api.Base.BaseTest" name="@BeforeSuite setupReport" time="0.0">
    <ignored/>
  </testcase> <!-- @BeforeSuite setupReport -->
  <testcase classname="api.Base.BaseTest" name="@BeforeSuite setupReport" time="0.0">
    <ignored/>
  </testcase> <!-- @BeforeSuite setupReport -->
  <testcase classname="api.Base.BaseTest" name="@BeforeSuite setupReport" time="0.0">
    <ignored/>
  </testcase> <!-- @BeforeSuite setupReport -->
  <testcase classname="api.Base.BaseTest" name="@BeforeSuite setupReport" time="0.0">
    <ignored/>
  </testcase> <!-- @BeforeSuite setupReport -->
  <testcase classname="api.Base.BaseTest" name="@AfterSuite tearDownReport" time="0.0">
    <ignored/>
  </testcase> <!-- @AfterSuite tearDownReport -->
  <testcase classname="api.Base.BaseTest" name="@AfterSuite tearDownReport" time="0.0">
    <ignored/>
  </testcase> <!-- @AfterSuite tearDownReport -->
  <testcase classname="api.Base.BaseTest" name="@AfterSuite tearDownReport" time="0.0">
    <ignored/>
  </testcase> <!-- @AfterSuite tearDownReport -->
  <testcase classname="api.Base.BaseTest" name="@BeforeSuite setupReport" time="0.0">
    <ignored/>
  </testcase> <!-- @BeforeSuite setupReport -->
  <testcase classname="api.Base.BaseTest" name="@AfterSuite tearDownReport" time="0.0">
    <ignored/>
  </testcase> <!-- @AfterSuite tearDownReport -->
  <testcase classname="api.Base.BaseTest" name="@BeforeSuite setupReport" time="0.0">
    <ignored/>
  </testcase> <!-- @BeforeSuite setupReport -->
</testsuite> <!-- All Tests -->
