<?xml version="1.0" encoding="UTF-8"?>
<!-- Generated by org.testng.reporters.JUnitReportReporter -->
<testsuite hostname="DESKTOP-V1L8Q2K" failures="0" tests="3" name="api.testcases.ding.user.USMS.USMS" time="1.430" errors="0" timestamp="2026-03-31T15:54:01 IST" skipped="0">
  <testcase classname="api.testcases.ding.user.USMS.USMS" name="GetUSMSDashbaord" time="0.515"/>
  <testcase classname="api.testcases.ding.user.USMS.USMS" name="GetMeterDetails" time="0.527"/>
  <testcase classname="api.testcases.ding.user.USMS.USMS" name="GetMeterHistory" time="0.388"/>
</testsuite> <!-- api.testcases.ding.user.USMS.USMS -->
