<?xml version="1.0" encoding="UTF-8"?>
<!-- Generated by org.testng.reporters.JUnitReportReporter -->
<testsuite hostname="DESKTOP-1D68AP5" failures="0" tests="3" name="api.testcases.ding.user.MerchantDiscovery.MerchantDiscoveryMarkRemoveGetFavMerchant" time="1.082" errors="0" timestamp="2026-04-06T15:41:09 IST" skipped="0">
  <testcase classname="api.testcases.ding.user.MerchantDiscovery.MerchantDiscoveryMarkRemoveGetFavMerchant" name="GetAllFavorites" time="0.426"/>
  <testcase classname="api.testcases.ding.user.MerchantDiscovery.MerchantDiscoveryMarkRemoveGetFavMerchant" name="RemoveFavorites" time="0.341"/>
  <testcase classname="api.testcases.ding.user.MerchantDiscovery.MerchantDiscoveryMarkRemoveGetFavMerchant" name="SetFavorites" time="0.315"/>
</testsuite> <!-- api.testcases.ding.user.MerchantDiscovery.MerchantDiscoveryMarkRemoveGetFavMerchant -->
