<?xml version="1.0" encoding="UTF-8"?>
<!-- Generated by org.testng.reporters.JUnitReportReporter -->
<testsuite hostname="DESKTOP-1D68AP5" failures="0" tests="4" name="api.testcases.ding.user.MerchantDiscovery.MerchantDiscoveryCategories" time="1.351" errors="0" timestamp="2026-04-06T15:41:09 IST" skipped="0">
  <testcase classname="api.testcases.ding.user.MerchantDiscovery.MerchantDiscoveryCategories" name="GetAllCategories" time="0.453"/>
  <testcase classname="api.testcases.ding.user.MerchantDiscovery.MerchantDiscoveryCategories" name="GetSingleID" time="0.318"/>
  <testcase classname="api.testcases.ding.user.MerchantDiscovery.MerchantDiscoveryCategories" name="GetAllCategoriesBaseLImitOffset" time="0.271"/>
  <testcase classname="api.testcases.ding.user.MerchantDiscovery.MerchantDiscoveryCategories" name="GetCategorieswithSortByOrderLimitOffset" time="0.309"/>
</testsuite> <!-- api.testcases.ding.user.MerchantDiscovery.MerchantDiscoveryCategories -->
