<?xml version="1.0" encoding="UTF-8"?>
<!-- Generated by org.testng.reporters.JUnitReportReporter -->
<testsuite hostname="DESKTOP-1D68AP5" failures="0" tests="4" name="api.testcases.ding.user.USMS.USMSPayment" time="8.461" errors="0" timestamp="2026-03-30T15:34:34 IST" skipped="0">
  <testcase classname="api.testcases.ding.user.USMS.USMSPayment" name="GetSessionForUSMSPayment" time="1.647"/>
  <testcase classname="api.testcases.ding.user.USMS.USMSPayment" name="GetUSMSPaymentNewCard" time="2.678"/>
  <testcase classname="api.testcases.ding.user.USMS.USMSPayment" name="GetUSMSPaymentExitCard" time="2.418"/>
  <testcase classname="api.testcases.ding.user.USMS.USMSPayment" name="GetUSMSPaymentWallet" time="1.718"/>
</testsuite> <!-- api.testcases.ding.user.USMS.USMSPayment -->
