<?xml version="1.0" encoding="UTF-8"?>
<!-- Generated by org.testng.reporters.JUnitReportReporter -->
<testsuite hostname="DESKTOP-1D68AP5" failures="0" tests="4" name="api.testcases.ding.user.USMSPayment" time="7.713" errors="0" timestamp="2026-03-26T23:32:57 IST" skipped="0">
  <testcase classname="api.testcases.ding.user.USMSPayment" name="GetSessionForUSMSPayment" time="2.104"/>
  <testcase classname="api.testcases.ding.user.USMSPayment" name="GetUSMSPaymentNewCard" time="2.385"/>
  <testcase classname="api.testcases.ding.user.USMSPayment" name="GetUSMSPaymentExitCard" time="2.000"/>
  <testcase classname="api.testcases.ding.user.USMSPayment" name="GetUSMSPaymentWallet" time="1.224"/>
</testsuite> <!-- api.testcases.ding.user.USMSPayment -->
