<?xml version="1.0" encoding="UTF-8"?>
<!-- Generated by org.testng.reporters.JUnitReportReporter -->
<testsuite hostname="DESKTOP-1D68AP5" failures="0" tests="4" name="api.testcases.ding.user.USMS.USMSPayment" time="9.838" errors="0" timestamp="2026-03-30T15:28:56 IST" skipped="0">
  <testcase classname="api.testcases.ding.user.USMS.USMSPayment" name="GetSessionForUSMSPayment" time="2.536"/>
  <testcase classname="api.testcases.ding.user.USMS.USMSPayment" name="GetUSMSPaymentNewCard" time="2.972"/>
  <testcase classname="api.testcases.ding.user.USMS.USMSPayment" name="GetUSMSPaymentExitCard" time="2.534"/>
  <testcase classname="api.testcases.ding.user.USMS.USMSPayment" name="GetUSMSPaymentWallet" time="1.796"/>
</testsuite> <!-- api.testcases.ding.user.USMS.USMSPayment -->
