<?xml version="1.0" encoding="UTF-8"?>
<!-- Generated by org.testng.reporters.JUnitReportReporter -->
<testsuite hostname="DESKTOP-1D68AP5" failures="0" tests="4" name="api.testcases.ding.user.MerchantDiscovery.MerchantDiscovery" time="1.876" errors="0" timestamp="2026-04-07T12:12:25 IST" skipped="0">
  <testcase classname="api.testcases.ding.user.MerchantDiscovery.MerchantDiscovery" name="GetMerchantDetail" time="0.632"/>
  <testcase classname="api.testcases.ding.user.MerchantDiscovery.MerchantDiscovery" name="MerchantDashboard" time="0.480"/>
  <testcase classname="api.testcases.ding.user.MerchantDiscovery.MerchantDiscovery" name="DashboardMerchant" time="0.394"/>
  <testcase classname="api.testcases.ding.user.MerchantDiscovery.MerchantDiscovery" name="GetAllFavourites" time="0.370"/>
</testsuite> <!-- api.testcases.ding.user.MerchantDiscovery.MerchantDiscovery -->
