<?xml version="1.0" encoding="UTF-8"?>
<!-- Generated by org.testng.reporters.JUnitReportReporter -->
<testsuite hostname="DESKTOP-1D68AP5" failures="0" tests="3" name="api.testcases.ding.user.USMS" time="1.517" errors="0" timestamp="2026-03-26T23:32:57 IST" skipped="0">
  <testcase classname="api.testcases.ding.user.USMS" name="GetUSMSDashbaord" time="0.650"/>
  <testcase classname="api.testcases.ding.user.USMS" name="GetMeterDetails" time="0.524"/>
  <testcase classname="api.testcases.ding.user.USMS" name="GetMeterHistory" time="0.343"/>
</testsuite> <!-- api.testcases.ding.user.USMS -->
