<?xml version="1.0" encoding="UTF-8"?>
<!-- Generated by org.testng.reporters.JUnitReportReporter -->
<testsuite hostname="DESKTOP-1D68AP5" failures="0" tests="4" name="api.testcases.ding.user.MerchantDiscovery.MerchantDiscovery" time="1.881" errors="0" timestamp="2026-04-06T15:41:09 IST" skipped="0">
  <testcase classname="api.testcases.ding.user.MerchantDiscovery.MerchantDiscovery" name="GetMerchantDetail" time="0.601"/>
  <testcase classname="api.testcases.ding.user.MerchantDiscovery.MerchantDiscovery" name="MerchantDashboard" time="0.488"/>
  <testcase classname="api.testcases.ding.user.MerchantDiscovery.MerchantDiscovery" name="DashboardMerchant" time="0.420"/>
  <testcase classname="api.testcases.ding.user.MerchantDiscovery.MerchantDiscovery" name="GetAllFavourites" time="0.372"/>
</testsuite> <!-- api.testcases.ding.user.MerchantDiscovery.MerchantDiscovery -->
