<?xml version="1.0" encoding="UTF-8"?>
<!-- Generated by org.testng.reporters.JUnitReportReporter -->
<testsuite hostname="DESKTOP-1D68AP5" failures="0" tests="2" name="api.testcases.ding.user.MerchantDiscoverySearchFilter" time="0.827" errors="0" timestamp="2026-03-27T01:19:05 IST" skipped="0">
  <testcase classname="api.testcases.ding.user.MerchantDiscoverySearchFilter" name="MerchantSearch" time="0.488"/>
  <testcase classname="api.testcases.ding.user.MerchantDiscoverySearchFilter" name="GetNewJoiner" time="0.339"/>
</testsuite> <!-- api.testcases.ding.user.MerchantDiscoverySearchFilter -->
