<?xml version="1.0" encoding="UTF-8"?>
<!-- Generated by org.testng.reporters.JUnitReportReporter -->
<testsuite hostname="DESKTOP-1D68AP5" failures="0" tests="2" name="api.testcases.ding.user.MerchantDiscovery.MerchantDiscoverySearchFilter" time="0.637" errors="0" timestamp="2026-03-31T11:24:13 IST" skipped="0">
  <testcase classname="api.testcases.ding.user.MerchantDiscovery.MerchantDiscoverySearchFilter" name="MerchantSearch" time="0.328"/>
  <testcase classname="api.testcases.ding.user.MerchantDiscovery.MerchantDiscoverySearchFilter" name="GetNewJoiner" time="0.309"/>
</testsuite> <!-- api.testcases.ding.user.MerchantDiscovery.MerchantDiscoverySearchFilter -->
