<?xml version="1.0" encoding="UTF-8"?>
<!-- Generated by org.testng.reporters.JUnitReportReporter -->
<testsuite hostname="DESKTOP-1D68AP5" failures="0" tests="4" name="api.testcases.ding.user.MerchantDiscovery" time="1.718" errors="0" timestamp="2026-03-27T00:21:29 IST" skipped="0">
  <testcase classname="api.testcases.ding.user.MerchantDiscovery" name="GetMerchantDetail" time="0.497"/>
  <testcase classname="api.testcases.ding.user.MerchantDiscovery" name="MerchantDashboard" time="0.468"/>
  <testcase classname="api.testcases.ding.user.MerchantDiscovery" name="DashboardMerchant" time="0.361"/>
  <testcase classname="api.testcases.ding.user.MerchantDiscovery" name="GetAllFavourites" time="0.392"/>
</testsuite> <!-- api.testcases.ding.user.MerchantDiscovery -->
