<?xml version="1.0" encoding="UTF-8"?>
<!-- Generated by org.testng.reporters.JUnitReportReporter -->
<testsuite hostname="DESKTOP-1D68AP5" failures="0" tests="4" name="api.testcases.ding.user.USMS.USMSUserMeter" time="1.746" errors="0" timestamp="2026-04-02T15:20:54 IST" skipped="0">
  <testcase classname="api.testcases.ding.user.USMS.USMSUserMeter" name="GetUSMSUserMeter" time="0.691"/>
  <testcase classname="api.testcases.ding.user.USMS.USMSUserMeter" name="DeleteMeter" time="0.397"/>
  <testcase classname="api.testcases.ding.user.USMS.USMSUserMeter" name="USMSMeterCreate" time="0.342"/>
  <testcase classname="api.testcases.ding.user.USMS.USMSUserMeter" name="USMSMeterUpdate" time="0.316"/>
</testsuite> <!-- api.testcases.ding.user.USMS.USMSUserMeter -->
