<?xml version="1.0" encoding="UTF-8"?>
<!-- Generated by org.testng.reporters.JUnitReportReporter -->
<testsuite hostname="DESKTOP-1D68AP5" failures="0" tests="4" name="api.testcases.ding.user.USMSUserMeter" time="1.974" errors="0" timestamp="2026-03-27T00:13:58 IST" skipped="0">
  <testcase classname="api.testcases.ding.user.USMSUserMeter" name="GetUSMSUserMeter" time="0.689"/>
  <testcase classname="api.testcases.ding.user.USMSUserMeter" name="DeleteMeter" time="0.425"/>
  <testcase classname="api.testcases.ding.user.USMSUserMeter" name="USMSMeterCreate" time="0.478"/>
  <testcase classname="api.testcases.ding.user.USMSUserMeter" name="USMSMeterUpdate" time="0.382"/>
</testsuite> <!-- api.testcases.ding.user.USMSUserMeter -->
