<?xml version="1.0" encoding="UTF-8"?>
<!-- Generated by org.testng.reporters.JUnitReportReporter -->
<testsuite hostname="DESKTOP-1D68AP5" failures="0" tests="3" name="api.testcases.ding.user.USMS.USMS" time="2.943" errors="0" timestamp="2026-03-30T13:47:08 IST" skipped="0">
  <testcase classname="api.testcases.ding.user.USMS.USMS" name="GetUSMSDashbaord" time="1.054"/>
  <testcase classname="api.testcases.ding.user.USMS.USMS" name="GetMeterDetails" time="1.002"/>
  <testcase classname="api.testcases.ding.user.USMS.USMS" name="GetMeterHistory" time="0.887"/>
</testsuite> <!-- api.testcases.ding.user.USMS.USMS -->
