<?xml version="1.0" encoding="UTF-8"?>
<!-- Generated by org.testng.reporters.JUnitReportReporter -->
<testsuite hostname="DESKTOP-1D68AP5" failures="0" tests="4" name="api.testcases.ding.user.USMS.USMSUserMeter" time="1.578" errors="0" timestamp="2026-04-07T16:18:40 IST" skipped="0">
  <testcase classname="api.testcases.ding.user.USMS.USMSUserMeter" name="GetUSMSUserMeter" time="0.451"/>
  <testcase classname="api.testcases.ding.user.USMS.USMSUserMeter" name="DeleteMeter" time="0.409"/>
  <testcase classname="api.testcases.ding.user.USMS.USMSUserMeter" name="USMSMeterCreate" time="0.404"/>
  <testcase classname="api.testcases.ding.user.USMS.USMSUserMeter" name="USMSMeterUpdate" time="0.314"/>
</testsuite> <!-- api.testcases.ding.user.USMS.USMSUserMeter -->
