<?xml version="1.0" encoding="UTF-8"?>
<!-- Generated by org.testng.reporters.JUnitReportReporter -->
<testsuite hostname="DESKTOP-V1L8Q2K" failures="0" tests="4" name="api.testcases.ding.user.MerchantDiscovery.MerchantDiscoveryCategories" time="1.550" errors="0" timestamp="2026-03-31T15:54:01 IST" skipped="0">
  <testcase classname="api.testcases.ding.user.MerchantDiscovery.MerchantDiscoveryCategories" name="GetAllCategories" time="0.423"/>
  <testcase classname="api.testcases.ding.user.MerchantDiscovery.MerchantDiscoveryCategories" name="GetSingleID" time="0.339"/>
  <testcase classname="api.testcases.ding.user.MerchantDiscovery.MerchantDiscoveryCategories" name="GetAllCategoriesBaseLImitOffset" time="0.392"/>
  <testcase classname="api.testcases.ding.user.MerchantDiscovery.MerchantDiscoveryCategories" name="GetCategorieswithSortByOrderLimitOffset" time="0.396"/>
</testsuite> <!-- api.testcases.ding.user.MerchantDiscovery.MerchantDiscoveryCategories -->
