<?xml version="1.0" encoding="UTF-8"?>
<!-- Generated by org.testng.reporters.JUnitReportReporter -->
<testsuite hostname="DESKTOP-1D68AP5" failures="0" tests="2" name="api.testcases.ding.user.MerchantDiscovery.MerchantDiscoverySearchFilter" time="0.626" errors="0" timestamp="2026-04-07T16:18:40 IST" skipped="0">
  <testcase classname="api.testcases.ding.user.MerchantDiscovery.MerchantDiscoverySearchFilter" name="MerchantSearch" time="0.330"/>
  <testcase classname="api.testcases.ding.user.MerchantDiscovery.MerchantDiscoverySearchFilter" name="GetNewJoiner" time="0.296"/>
</testsuite> <!-- api.testcases.ding.user.MerchantDiscovery.MerchantDiscoverySearchFilter -->
