<?xml version="1.0" encoding="UTF-8"?>
<!-- Generated by org.testng.reporters.JUnitReportReporter -->
<testsuite hostname="DESKTOP-1D68AP5" failures="0" tests="3" name="api.testcases.ding.user.MerchantDiscovery.MerchantDiscoveryMarkRemoveGetFavMerchant" time="1.125" errors="0" timestamp="2026-04-07T16:18:40 IST" skipped="0">
  <testcase classname="api.testcases.ding.user.MerchantDiscovery.MerchantDiscoveryMarkRemoveGetFavMerchant" name="GetAllFavorites" time="0.435"/>
  <testcase classname="api.testcases.ding.user.MerchantDiscovery.MerchantDiscoveryMarkRemoveGetFavMerchant" name="RemoveFavorites" time="0.370"/>
  <testcase classname="api.testcases.ding.user.MerchantDiscovery.MerchantDiscoveryMarkRemoveGetFavMerchant" name="SetFavorites" time="0.320"/>
</testsuite> <!-- api.testcases.ding.user.MerchantDiscovery.MerchantDiscoveryMarkRemoveGetFavMerchant -->
